[debug] [2022-12-20T05:52:05.899Z] ----------------------------------------------------------------------
[debug] [2022-12-20T05:52:05.913Z] Command:       C:\Program Files\nodejs\node.exe C:\Users\sures\AppData\Roaming\npm\node_modules\firebase-tools\lib\bin\firebase.js init
[debug] [2022-12-20T05:52:05.925Z] CLI Version:   11.19.0
[debug] [2022-12-20T05:52:05.926Z] Platform:      win32
[debug] [2022-12-20T05:52:05.927Z] Node Version:  v18.12.0
[debug] [2022-12-20T05:52:05.930Z] Time:          Tue Dec 20 2022 11:22:05 GMT+0530 (India Standard Time)
[debug] [2022-12-20T05:52:05.936Z] ----------------------------------------------------------------------
[debug] 
[debug] [2022-12-20T05:52:05.977Z] > command requires scopes: ["email","openid","https://www.googleapis.com/auth/cloudplatformprojects.readonly","https://www.googleapis.com/auth/firebase","https://www.googleapis.com/auth/cloud-platform"]
[debug] [2022-12-20T05:52:05.980Z] > authorizing via signed-in user (sureshmaurya48@gmail.com)
[info] 
     ######## #### ########  ######## ########     ###     ######  ########
     ##        ##  ##     ## ##       ##     ##  ##   ##  ##       ##
     ######    ##  ########  ######   ########  #########  ######  ######
     ##        ##  ##    ##  ##       ##     ## ##     ##       ## ##
     ##       #### ##     ## ######## ########  ##     ##  ######  ########

You're about to initialize a Firebase project in this directory:

  D:\latest-react\my-app

[info] 
=== Project Setup
[info] 
[info] First, let's associate this project directory with a Firebase project.
[info] You can create multiple project aliases by running firebase use --add, 
[info] but for now we'll just set up a default project.
[info] 
[debug] [2022-12-20T05:53:17.363Z] >>> [apiv2][query] GET https://firebase.googleapis.com/v1beta1/projects pageSize=100
[debug] [2022-12-20T05:53:19.392Z] <<< [apiv2][status] GET https://firebase.googleapis.com/v1beta1/projects 200
[debug] [2022-12-20T05:53:19.394Z] <<< [apiv2][body] GET https://firebase.googleapis.com/v1beta1/projects [omitted]
[info] i  Using project clone-35651 (amazon-clone) 
[info] 
=== Hosting Setup
[info] 
[info] Your public directory is the folder (relative to your project directory) that
[info] will contain Hosting assets to be uploaded with firebase deploy. If you
[info] have a build process for your assets, use your build's output directory.
[info] 
[debug] [2022-12-20T05:56:59.474Z] >>> [apiv2][query] GET https://www.gstatic.com/firebasejs/releases.json [none]
[debug] [2022-12-20T05:57:00.135Z] <<< [apiv2][status] GET https://www.gstatic.com/firebasejs/releases.json 200
[debug] [2022-12-20T05:57:00.137Z] <<< [apiv2][body] GET https://www.gstatic.com/firebasejs/releases.json {"current":{"version":"9.15.0","browserURL":"https://www.gstatic.com/firebasejs/9.15.0/firebase.js","packageURL":"https://www.gstatic.com/firebasejs/9.15.0/firebase.tgz"},"live":{"version":"9.15","browserURL":"https://www.gstatic.com/firebasejs/live/9.15/firebase.js","packageURL":"https://www.gstatic.com/firebasejs/live/9.15/firebase.tgz"},"components":{"analytics":"https://www.gstatic.com/firebasejs/9.15.0/firebase-analytics.js","app":"https://www.gstatic.com/firebasejs/9.15.0/firebase-app.js","app-check":"https://www.gstatic.com/firebasejs/9.15.0/firebase-app-check.js","auth":"https://www.gstatic.com/firebasejs/9.15.0/firebase-auth.js","auth/cordova":"https://www.gstatic.com/firebasejs/9.15.0/firebase-auth/cordova.js","auth/react-native":"https://www.gstatic.com/firebasejs/9.15.0/firebase-auth/react-native.js","functions":"https://www.gstatic.com/firebasejs/9.15.0/firebase-functions.js","firestore":"https://www.gstatic.com/firebasejs/9.15.0/firebase-firestore.js","firestore/lite":"https://www.gstatic.com/firebasejs/9.15.0/firebase-firestore/lite.js","installations":"https://www.gstatic.com/firebasejs/9.15.0/firebase-installations.js","storage":"https://www.gstatic.com/firebasejs/9.15.0/firebase-storage.js","performance":"https://www.gstatic.com/firebasejs/9.15.0/firebase-performance.js","remote-config":"https://www.gstatic.com/firebasejs/9.15.0/firebase-remote-config.js","messaging":"https://www.gstatic.com/firebasejs/9.15.0/firebase-messaging.js","messaging/sw":"https://www.gstatic.com/firebasejs/9.15.0/firebase-messaging/sw.js","database":"https://www.gstatic.com/firebasejs/9.15.0/firebase-database.js","firestore.memory":"https://www.gstatic.com/firebasejs/9.15.0/firebase-firestore.memory.js"}}
[info] +  Wrote build/index.html 
[info] 
[info] i  Detected a .git folder at D:\latest-react\my-app 
[info] i  Authorizing with GitHub to upload your service account to a GitHub repository's secrets store. 
[info] 
[info] Visit this URL on this device to log in:
[info] https://github.com/login/oauth/authorize?client_id=89cf50f02ac6aaed3484&state=987812987&redirect_uri=http%3A%2F%2Flocalhost%3A9005&scope=read%3Auser%20repo%20public_repo
[info] 
[info] Waiting for authentication...
[debug] [2022-12-20T05:57:30.078Z] >>> [apiv2][query] POST https://github.com/login/oauth/access_token [none]
[debug] [2022-12-20T05:57:30.079Z] >>> [apiv2][body] POST https://github.com/login/oauth/access_token [stream]
[debug] [2022-12-20T05:57:31.390Z] <<< [apiv2][status] POST https://github.com/login/oauth/access_token 200
[debug] [2022-12-20T05:57:31.393Z] <<< [apiv2][body] POST https://github.com/login/oauth/access_token {"access_token":"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","token_type":"bearer","scope":"read:user,repo"}
[debug] [2022-12-20T05:57:31.425Z] >>> [apiv2][query] GET https://api.github.com/user [none]
[debug] [2022-12-20T05:57:32.930Z] <<< [apiv2][status] GET https://api.github.com/user 200
[debug] [2022-12-20T05:57:32.931Z] <<< [apiv2][body] GET https://api.github.com/user {"login":"skmdmat04","id":86888947,"node_id":"MDQ6VXNlcjg2ODg4OTQ3","avatar_url":"https://avatars.githubusercontent.com/u/86888947?v=4","gravatar_id":"","url":"https://api.github.com/users/skmdmat04","html_url":"https://github.com/skmdmat04","followers_url":"https://api.github.com/users/skmdmat04/followers","following_url":"https://api.github.com/users/skmdmat04/following{/other_user}","gists_url":"https://api.github.com/users/skmdmat04/gists{/gist_id}","starred_url":"https://api.github.com/users/skmdmat04/starred{/owner}{/repo}","subscriptions_url":"https://api.github.com/users/skmdmat04/subscriptions","organizations_url":"https://api.github.com/users/skmdmat04/orgs","repos_url":"https://api.github.com/users/skmdmat04/repos","events_url":"https://api.github.com/users/skmdmat04/events{/privacy}","received_events_url":"https://api.github.com/users/skmdmat04/received_events","type":"User","site_admin":false,"name":null,"company":null,"blog":"","location":null,"email":null,"hireable":null,"bio":null,"twitter_username":null,"public_repos":12,"public_gists":0,"followers":0,"following":0,"created_at":"2021-07-03T17:12:32Z","updated_at":"2022-12-13T05:52:03Z","private_gists":0,"total_private_repos":60,"owned_private_repos":60,"disk_usage":35462,"collaborators":0,"two_factor_authentication":false,"plan":{"name":"free","space":976562499,"collaborators":0,"private_repos":10000}}
[info] 
[info] +  Success! Logged into GitHub as skmdmat04 
[info] 
[debug] [2022-12-20T05:58:14.624Z] >>> [apiv2][query] GET https://api.github.com/repos//actions/secrets/public-key type=owner
[debug] [2022-12-20T05:58:15.593Z] <<< [apiv2][status] GET https://api.github.com/repos//actions/secrets/public-key 404
[debug] [2022-12-20T05:58:15.595Z] <<< [apiv2][body] GET https://api.github.com/repos//actions/secrets/public-key {"message":"Not Found","documentation_url":"https://docs.github.com/rest"}
[debug] [2022-12-20T06:00:02.410Z] >>> [apiv2][query] GET https://api.github.com/repos//actions/secrets/public-key type=owner
[debug] [2022-12-20T06:00:03.278Z] <<< [apiv2][status] GET https://api.github.com/repos//actions/secrets/public-key 404
[debug] [2022-12-20T06:00:03.279Z] <<< [apiv2][body] GET https://api.github.com/repos//actions/secrets/public-key {"message":"Not Found","documentation_url":"https://docs.github.com/rest"}
[debug] [2022-12-20T06:18:41.669Z] >>> [apiv2][query] GET https://api.github.com/repos/cls/actions/secrets/public-key type=owner
[debug] [2022-12-20T06:18:42.517Z] <<< [apiv2][status] GET https://api.github.com/repos/cls/actions/secrets/public-key 404
[debug] [2022-12-20T06:18:42.518Z] <<< [apiv2][body] GET https://api.github.com/repos/cls/actions/secrets/public-key {"message":"Not Found","documentation_url":"https://docs.github.com/rest"}
[debug] [2022-12-20T06:18:43.435Z] >>> [apiv2][query] GET https://api.github.com/repos/cls/actions/secrets/public-key type=owner
[debug] [2022-12-20T06:18:44.184Z] <<< [apiv2][status] GET https://api.github.com/repos/cls/actions/secrets/public-key 404
[debug] [2022-12-20T06:18:44.184Z] <<< [apiv2][body] GET https://api.github.com/repos/cls/actions/secrets/public-key {"message":"Not Found","documentation_url":"https://docs.github.com/rest"}
